<?xml version="1.0" encoding="UTF-8"?>
<!-- Generated by org.testng.reporters.JUnitReportReporter -->
<testsuite hostname="DESKTOP-D4H6QD2" failures="0" tests="3" name="testcases.Shopping" time="0.945" errors="0" timestamp="2025-04-21T15:03:09 EDT" skipped="0">
  <testcase classname="testcases.Shopping" name="tc2_addToCart" time="0.206"/>
  <testcase classname="testcases.Shopping" name="tc3_checkOut" time="0.350"/>
  <testcase classname="testcases.Shopping" name="tc1_testLogin" time="0.389"/>
</testsuite> <!-- testcases.Shopping -->
