<?xml version="1.0" encoding="UTF-8"?>
<!-- Generated by org.testng.reporters.JUnitReportReporter -->
<testsuite hostname="DESKTOP-D4H6QD2" failures="0" tests="3" name="testcases.Shopping" time="0.829" errors="0" timestamp="2025-04-18T21:49:01 EDT" skipped="0">
  <testcase classname="testcases.Shopping" name="tc3_checkOut" time="0.274"/>
  <testcase classname="testcases.Shopping" name="tc2_addToCart" time="0.210"/>
  <testcase classname="testcases.Shopping" name="tc1_testLogin" time="0.345"/>
</testsuite> <!-- testcases.Shopping -->
