<?xml version="1.0" encoding="UTF-8"?>
<!-- Generated by org.testng.reporters.JUnitReportReporter -->
<testsuite hostname="DESKTOP-D4H6QD2" failures="0" tests="3" name="testcases.Shopping" time="0.811" errors="0" timestamp="2025-04-20T00:50:18 EDT" skipped="0">
  <testcase classname="testcases.Shopping" name="tc2_addToCart" time="0.193"/>
  <testcase classname="testcases.Shopping" name="tc1_testLogin" time="0.337"/>
  <testcase classname="testcases.Shopping" name="tc3_checkOut" time="0.281"/>
</testsuite> <!-- testcases.Shopping -->
