<?xml version="1.0" encoding="UTF-8"?>
<!-- Generated by org.testng.reporters.JUnitReportReporter -->
<testsuite hostname="DESKTOP-D4H6QD2" failures="0" tests="2" name="testcases.Shopping" time="0.531" errors="0" timestamp="2025-04-17T16:17:09 EDT" skipped="0">
  <testcase classname="testcases.Shopping" name="testLogin" time="0.333"/>
  <testcase classname="testcases.Shopping" name="addToCart" time="0.198"/>
</testsuite> <!-- testcases.Shopping -->
